[LOG] System::create                           : Header version = 1.09.03. Current version = 1.09.03.
[LOG] Manager::init                            : maxchannels = 256 studioflags = 00000006 flags 00000000 extradriverdata 0000000000000000.
[LOG] SystemI::init                            : FMOD Studio Version: 00010903 (85362)
[LOG] SystemI::init                            : maxchannels = 256, flags = 00020000, extradriverdata = 0000000000000000
[LOG] SystemI::setOutputInternal               : Setting output to type 0
[LOG] SystemI::setOutputInternal               : Setting output to type 8
[LOG] SystemI::setOutputInternal               : Setting output to type 8
[LOG] OutputWASAPI::init                       : Mix Format (WAVEFORMATEX): wFormatTag=0xFFFE, nChannels=2, nSamplesPerSec=48000, nAvgBytesPerSec=384000, nBlockAlign=8, wBitsPerSample=32, cbSize=22.
[LOG] OutputWASAPI::init                       : Mix Format (WAVEFORMATEXTENSIBLE): wValidBitsPerSample=32, dwChannelMask=0x00000003, SubFormat=00000003-0000-0010-8000-00AA00389B71.
[LOG] OutputWASAPI::init                       : Output buffer size: 4096 samples, latency: 0.00ms, period: 10.00ms, DSP buffer: 1024 * 4
[LOG] SystemI::init                            : Create master channel group and master sound group.
[LOG] SystemI::init                            : Set up emulated output.  256 channels
[LOG] SystemI::init                            : create the channel pool
[LOG] SystemI::init                            : create the stream thread
[LOG] Thread::initThread                       : Init FMOD stream thread. Priority: 2, Stack Size: 65536, Semaphore: No, Sleep Time: 10, Looping: Yes.
[LOG] Thread::initThread                       : Init FMOD mixer thread. Priority: 3, Stack Size: 49152, Semaphore: No, Sleep Time: 0, Looping: Yes.
[LOG] AsyncManager::init                       : manager 0000000053FB9FB8 isAsync 0 updatePeriod 0.02
[LOG] AsyncManager::init                       : done
[LOG] PlaybackSystem::init                     : 
[LOG] Thread::initThread                       : Init FMOD Studio sample load thread. Priority: 0, Stack Size: 65536, Semaphore: No, Sleep Time: 1, Looping: No.
[LOG] PlaybackSystem::init                     : done
[LOG] Thread::initThread                       : Init FMOD Studio bank load thread. Priority: 0, Stack Size: 65536, Semaphore: No, Sleep Time: 1, Looping: No.
[LOG] Manager::init                            : done.
[LOG] Manager::readBank                        : fileversion = 88, compatVersion = 86 (oldest = 44, newest = 88)
[LOG] SoundI::release                          : Quai_Denfert_Rochereau (0000000042952F78)
[LOG] SoundI::release                          : remove stream samples. (0000000042952F78)
[LOG] SoundI::release                          :     Quai_Denfert_Rochereau (00000000541275D8)
[LOG] SoundI::release                          :     done
[LOG] SoundI::release                          : release subsounds. (0000000042952F78)
[LOG] SoundI::release                          :     Quai_Denfert_Rochereau (0000000042955138)
[LOG] SoundI::release                          :     done
[LOG] SoundI::release                          : release codec. (0000000042952F78)
[LOG] SoundI::release                          : done
[LOG] SoundI::release                          :  (0000000042B63618)
[LOG] SoundI::release                          : release subsounds. (0000000042B63618)
[LOG] SoundI::release                          :     Ouverture_porte (0000000053F85CD8)
[LOG] SoundI::release                          :     done
[LOG] SoundI::release                          : release codec. (0000000042B63618)
[LOG] SoundI::release                          : done
[LOG] SoundI::release                          :  (0000000019945298)
[LOG] SoundI::release                          : release subsounds. (0000000019945298)
[LOG] SoundI::release                          :     Thierry (000000005396EFC8)
[LOG] SoundI::release                          :     done
[LOG] SoundI::release                          : release codec. (0000000019945298)
[LOG] SoundI::release                          : done
[LOG] SoundI::release                          :  (0000000019946548)
[LOG] SoundI::release                          : release subsounds. (0000000019946548)
[LOG] SoundI::release                          :     VictorHugo (00000000199486E8)
[LOG] SoundI::release                          :     done
[LOG] SoundI::release                          : release codec. (0000000019946548)
[LOG] SoundI::release                          : done
[LOG] SoundI::release                          :  (0000000042B62928)
[LOG] SoundI::release                          : release subsounds. (0000000042B62928)
[LOG] SoundI::release                          :     Paul (0000000053F854B8)
[LOG] SoundI::release                          :     done
[LOG] SoundI::release                          : release codec. (0000000042B62928)
[LOG] SoundI::release                          : done
[LOG] SoundI::release                          :  (0000000042B62A98)
[LOG] SoundI::release                          : release subsounds. (0000000042B62A98)
[LOG] SoundI::release                          :     Smith (0000000053F84618)
[LOG] SoundI::release                          :     done
[LOG] SoundI::release                          : release codec. (0000000042B62A98)
[LOG] SoundI::release                          : done
[LOG] SoundI::release                          :  (0000000042B62C08)
[LOG] SoundI::release                          : release subsounds. (0000000042B62C08)
[LOG] SoundI::release                          :     Fermeture_porte (0000000053F85178)
[LOG] SoundI::release                          :     done
[LOG] SoundI::release                          : release codec. (0000000042B62C08)
[LOG] SoundI::release                          : done
[LOG] SoundI::release                          :  (0000000019945B38)
[LOG] SoundI::release                          : release subsounds. (0000000019945B38)
[LOG] SoundI::release                          :     Molière (00000000541270F8)
[LOG] SoundI::release                          :     done
[LOG] SoundI::release                          : release codec. (0000000019945B38)
[LOG] SoundI::release                          : done
[LOG] SoundI::release                          :  (0000000053AE7748)
[LOG] SoundI::release                          : release subsounds. (0000000053AE7748)
[LOG] SoundI::release                          :     Roger (00000000541282D8)
[LOG] SoundI::release                          :     done
[LOG] SoundI::release                          : release codec. (0000000053AE7748)
[LOG] SoundI::release                          : done
[LOG] SoundI::release                          :  (0000000053AE7D08)
[LOG] SoundI::release                          : release subsounds. (0000000053AE7D08)
[LOG] SoundI::release                          :     Nautilus (0000000054128478)
[LOG] SoundI::release                          :     done
[LOG] SoundI::release                          : release codec. (0000000053AE7D08)
[LOG] SoundI::release                          : done
[LOG] SoundI::release                          :  (0000000053AE6BC8)
[LOG] SoundI::release                          : release subsounds. (0000000053AE6BC8)
[LOG] SoundI::release                          :     GarconsDuCalvaire (0000000054127438)
[LOG] SoundI::release                          :     done
[LOG] SoundI::release                          : release codec. (0000000053AE6BC8)
[LOG] SoundI::release                          : done
[LOG] SoundI::release                          :  (0000000019944E48)
[LOG] SoundI::release                          : release subsounds. (0000000019944E48)
[LOG] SoundI::release                          :     VanGogh (0000000019948888)
[LOG] SoundI::release                          :     done
[LOG] SoundI::release                          : release codec. (0000000019944E48)
[LOG] SoundI::release                          : done
[LOG] SoundI::release                          :  (0000000042B63058)
[LOG] SoundI::release                          : release subsounds. (0000000042B63058)
[LOG] SoundI::release                          :     Attention_a_la_marche (0000000053F84AF8)
[LOG] SoundI::release                          :     done
[LOG] SoundI::release                          : release codec. (0000000042B63058)
[LOG] SoundI::release                          : done
[LOG] SoundI::release                          :  (00000000199449F8)
[LOG] SoundI::release                          : release subsounds. (00000000199449F8)
[LOG] SoundI::release                          :     Ouverture_porte.2 (00000000198C49D8)
[LOG] SoundI::release                          :     done
[LOG] SoundI::release                          : release codec. (00000000199449F8)
[LOG] SoundI::release                          : done
[LOG] SoundI::release                          :  (0000000042B631C8)
[LOG] SoundI::release                          : release subsounds. (0000000042B631C8)
[LOG] SoundI::release                          :     Attention_des_pickpockets (0000000053F85658)
[LOG] SoundI::release                          :     done
[LOG] SoundI::release                          : release codec. (0000000042B631C8)
[LOG] SoundI::release                          : done
[LOG] SoundI::release                          :  (0000000042B63788)
[LOG] SoundI::release                          : release subsounds. (0000000042B63788)
[LOG] SoundI::release                          :     En_raison_de_problème_technique (0000000053F85998)
[LOG] SoundI::release                          :     done
[LOG] SoundI::release                          : release codec. (0000000042B63788)
[LOG] SoundI::release                          : done
[LOG] SoundI::release                          :  (0000000042B638F8)
[LOG] SoundI::release                          : release subsounds. (0000000042B638F8)
[LOG] SoundI::release                          :     Nous_sommes_retenus_en_gare (0000000053F85B38)
[LOG] SoundI::release                          :     done
[LOG] SoundI::release                          : release codec. (0000000042B638F8)
[LOG] SoundI::release                          : done
[LOG] SoundI::release                          :  (0000000042B61AC8)
[LOG] SoundI::release                          : release subsounds. (0000000042B61AC8)
[LOG] SoundI::release                          :     Bel-ami (0000000053F83F98)
[LOG] SoundI::release                          :     done
[LOG] SoundI::release                          : release codec. (0000000042B61AC8)
[LOG] SoundI::release                          : done
[LOG] SoundI::release                          :  (0000000019946268)
[LOG] SoundI::release                          : release subsounds. (0000000019946268)
[LOG] SoundI::release                          :     Harry (00000000199493E8)
[LOG] SoundI::release                          :     done
[LOG] SoundI::release                          : release codec. (0000000019946268)
[LOG] SoundI::release                          : done
[LOG] SoundI::release                          :  (0000000019944888)
[LOG] SoundI::release                          : release subsounds. (0000000019944888)
[LOG] SoundI::release                          :     Bip fermeture de porte2 (0000000019948D68)
[LOG] SoundI::release                          :     done
[LOG] SoundI::release                          : release codec. (0000000019944888)
[LOG] SoundI::release                          : done
[LOG] SoundI::release                          :  (00000000199459C8)
[LOG] SoundI::release                          : release subsounds. (00000000199459C8)
[LOG] SoundI::release                          :     David (00000000198C4D18)
[LOG] SoundI::release                          :     done
[LOG] SoundI::release                          : release codec. (00000000199459C8)
[LOG] SoundI::release                          : done
[LOG] SoundI::release                          :  (00000000199463D8)
[LOG] SoundI::release                          : release subsounds. (00000000199463D8)
[LOG] SoundI::release                          :     Michel (00000000199476A8)
[LOG] SoundI::release                          :     done
[LOG] SoundI::release                          : release codec. (00000000199463D8)
[LOG] SoundI::release                          : done
[LOG] SoundI::release                          :  (0000000042B627B8)
[LOG] SoundI::release                          : release subsounds. (0000000042B627B8)
[LOG] SoundI::release                          :     Romain (0000000053F84958)
[LOG] SoundI::release                          :     done
[LOG] SoundI::release                          : release codec. (0000000042B627B8)
[LOG] SoundI::release                          : done
[LOG] SoundI::release                          :  (0000000019945E18)
[LOG] SoundI::release                          : release subsounds. (0000000019945E18)
[LOG] SoundI::release                          :     Jérémy (000000005396FB28)
[LOG] SoundI::release                          :     done
[LOG] SoundI::release                          : release codec. (0000000019945E18)
[LOG] SoundI::release                          : done
[LOG] SoundI::release                          :  (0000000042B62648)
[LOG] SoundI::release                          : release subsounds. (0000000042B62648)
[LOG] SoundI::release                          :     Amélie (0000000053F84FD8)
[LOG] SoundI::release                          :     done
[LOG] SoundI::release                          : release codec. (0000000042B62648)
[LOG] SoundI::release                          : done
[LOG] SoundI::release                          :  (0000000053AE6D38)
[LOG] SoundI::release                          : release subsounds. (0000000053AE6D38)
[LOG] SoundI::release                          :     La_station_n'est_pas_desservie (0000000054126DB8)
[LOG] SoundI::release                          :     done
[LOG] SoundI::release                          : release codec. (0000000053AE6D38)
[LOG] SoundI::release                          : done
[LOG] SoundI::release                          :  (0000000019945CA8)
[LOG] SoundI::release                          : release subsounds. (0000000019945CA8)
[LOG] SoundI::release                          :     Morrisson (0000000019948068)
[LOG] SoundI::release                          :     done
[LOG] SoundI::release                          : release codec. (0000000019945CA8)
[LOG] SoundI::release                          : done
[LOG] SoundI::release                          :  (0000000019945858)
[LOG] SoundI::release                          : release subsounds. (0000000019945858)
[LOG] SoundI::release                          :     Azimov (00000000539701A8)
[LOG] SoundI::release                          :     done
[LOG] SoundI::release                          : release codec. (0000000019945858)
[LOG] SoundI::release                          : done
[LOG] SoundI::release                          :  (0000000042B62EE8)
[LOG] SoundI::release                          : release subsounds. (0000000042B62EE8)
[LOG] SoundI::release                          :     In metro during tunnel (0000000053F847B8)
[LOG] SoundI::release                          :     done
[LOG] SoundI::release                          : release codec. (0000000042B62EE8)
[LOG] SoundI::release                          : done
[LOG] SoundI::release                          :  (0000000019945128)
[LOG] SoundI::release                          : release subsounds. (0000000019945128)
[LOG] SoundI::release                          :     InstitutTorchwood (0000000019949248)
[LOG] SoundI::release                          :     done
[LOG] SoundI::release                          : release codec. (0000000019945128)
[LOG] SoundI::release                          : done
[LOG] SoundI::release                          :  (0000000042B62D78)
[LOG] SoundI::release                          : release subsounds. (0000000042B62D78)
[LOG] SoundI::release                          :     Les_stations__ne_sont_pas_desservies (0000000053F84C98)
[LOG] SoundI::release                          :     done
[LOG] SoundI::release                          : release codec. (0000000042B62D78)
[LOG] SoundI::release                          : done
[LOG] SoundI::release                          :  (0000000019944B68)
[LOG] SoundI::release                          : release subsounds. (0000000019944B68)
[LOG] SoundI::release                          :     Baudelaire (000000000D123178)
[LOG] SoundI::release                          :     done
[LOG] SoundI::release                          : release codec. (0000000019944B68)
[LOG] SoundI::release                          : done
[LOG] SoundI::release                          :  (0000000042B61C38)
[LOG] SoundI::release                          : release subsounds. (0000000042B61C38)
[LOG] SoundI::release                          :     Bill (0000000053F84478)
[LOG] SoundI::release                          :     done
[LOG] SoundI::release                          : release codec. (0000000042B61C38)
[LOG] SoundI::release                          : done
[LOG] SoundI::release                          :  (0000000019945F88)
[LOG] SoundI::release                          : release subsounds. (0000000019945F88)
[LOG] SoundI::release                          :     Rose (0000000053970008)
[LOG] SoundI::release                          :     done
[LOG] SoundI::release                          : release codec. (0000000019945F88)
[LOG] SoundI::release                          : done
[LOG] SoundI::release                          :  (0000000042B62368)
[LOG] SoundI::release                          : release subsounds. (0000000042B62368)
[LOG] SoundI::release                          :     N'achetez_jamais_de_tickets... (0000000053F842D8)
[LOG] SoundI::release                          :     done
[LOG] SoundI::release                          : release codec. (0000000042B62368)
[LOG] SoundI::release                          : done
[LOG] SoundI::release                          :  (0000000042B63338)
[LOG] SoundI::release                          : release subsounds. (0000000042B63338)
[LOG] SoundI::release                          :     Bip fermeture de porte (0000000053F857F8)
[LOG] SoundI::release                          :     done
[LOG] SoundI::release                          : release codec. (0000000042B63338)
[LOG] SoundI::release                          : done
[LOG] Thread::callback                         : FMOD Studio update thread finished.
[LOG] Thread::callback                         : FMOD Studio bank load thread finished.
[LOG] Profile::disconnectAll                   : Profiler disconnecting all clients
[LOG] Thread::callback                         : FMOD Studio sample load thread finished.
[LOG] LiveUpdate::release                      : 
[LOG] LiveUpdate::reset                        : Reset connection (reason Disconnected)
[LOG] SystemI::close                           : 
[LOG] SystemI::close                           : Stop all sounds
[LOG] Thread::callback                         : FMOD stream thread finished.
[LOG] SystemI::close                           : Stream thread destroyed
[LOG] Thread::callback                         : FMOD mixer thread finished.
[LOG] SystemI::close                           : Free master channel group.
[LOG] SystemI::close                           : Remove 'master' sound group.
[LOG] SystemI::close                           : Free software output.
[LOG] SystemI::close                           : Free emulated output.
[LOG] SystemI::close                           : Free channel pool.
[LOG] SystemI::close                           : done.

[LOG] Manager::readBank                        : fileversion = 88, compatVersion = 86 (oldest = 44, newest = 88)
[LOG] Manager::readBank                        : fileversion = 88, compatVersion = 86 (oldest = 44, newest = 88)
[LOG] Manager::readBank                        : fileversion = 88, compatVersion = 86 (oldest = 44, newest = 88)
[LOG] Manager::readBank                        : fileversion = 88, compatVersion = 86 (oldest = 44, newest = 88)
[LOG] Manager::readBank                        : fileversion = 88, compatVersion = 86 (oldest = 44, newest = 88)
[LOG] Manager::readBank                        : fileversion = 88, compatVersion = 86 (oldest = 44, newest = 88)
[LOG] PlaybackSystem::acquireMasterBus         : Setting master channel group format to 6
[LOG] Thread::callback                         : FMOD Studio bank load thread finished.
[LOG] Thread::callback                         : FMOD Studio sample load thread finished.
[LOG] LiveUpdate::release                      : 
[LOG] LiveUpdate::reset                        : Reset connection (reason Disconnected)
[LOG] SystemI::close                           : 
[LOG] SystemI::close                           : Stop all sounds
[LOG] Thread::callback                         : FMOD stream thread finished.
[LOG] SystemI::close                           : Stream thread destroyed
[LOG] Thread::callback                         : FMOD mixer thread finished.
[LOG] SystemI::close                           : Free master channel group.
[LOG] SystemI::close                           : Remove 'master' sound group.
[LOG] SystemI::close                           : Free software output.
[LOG] SystemI::close                           : Free emulated output.
[LOG] SystemI::close                           : Free channel pool.
[LOG] SystemI::close                           : done.

[LOG] System::create                           : Header version = 1.09.03. Current version = 1.09.03.
